[2022-10-12T18:57:18.339] [WARN] development - Route: /fakeRoute Method: GET No Implemented
[2022-10-12T19:30:53.655] [WARN] development - Route: /productos Method: GET No Implemented
[2022-10-13T12:24:39.602] [ERROR] development - Error: TypeError: this.products.filterByCategory is not a function
[2022-10-13T12:30:38.564] [ERROR] development - Error: ReferenceError: logger is not defined
[2022-10-13T12:31:06.448] [ERROR] development - Error: TypeError: this.getByProperty is not a function
[2022-10-13T12:31:15.987] [WARN] development - Route: /asdasdasd Method: GET No Implemented
[2022-10-13T12:31:18.881] [ERROR] development - Error: TypeError: this.getByProperty is not a function
[2022-10-13T12:31:51.264] [WARN] development - Route: /dasasd Method: GET No Implemented
[2022-10-13T12:32:35.378] [WARN] development - Route: /asdasdasd Method: GET No Implemented
[2022-10-13T12:32:43.538] [WARN] development - Route: /asdasdasd Method: GET No Implemented
[2022-10-13T12:32:43.547] [WARN] development - Route: /asdasdsdasd Method: GET No Implemented
[2022-10-13T12:33:21.912] [WARN] development - Route: /asd Method: GET No Implemented
[2022-10-13T12:34:26.454] [ERROR] development - Error: ReferenceError: logger is not defined
[2022-10-13T12:35:11.001] [WARN] development - Route: /asd Method: GET No Implemented
[2022-10-13T12:35:21.899] [WARN] development - Route: /asd Method: GET No Implemented
[2022-10-13T12:35:21.910] [WARN] development - Route: /123 Method: GET No Implemented
[2022-10-13T12:35:24.024] [WARN] development - Route: /asd Method: GET No Implemented
[2022-10-13T12:35:30.121] [WARN] development - Route: /productos Method: GET No Implemented
[2022-10-13T12:35:34.022] [WARN] development - Route: /asd Method: GET No Implemented
[2022-10-13T12:35:34.026] [WARN] development - Route: /123 Method: GET No Implemented
[2022-10-13T12:38:28.820] [WARN] development - Route: /asd Method: GET No Implemented
[2022-10-13T12:41:06.687] [WARN] development - Route: /asd Method: GET No Implemented
[2022-10-13T12:41:43.243] [WARN] development - Route: /asd Method: GET No Implemented
[2022-10-13T12:41:49.922] [WARN] development - Route: /asd Method: GET No Implemented
[2022-10-13T12:41:49.930] [WARN] development - Route: /qwe Method: GET No Implemented
[2022-10-13T12:42:37.450] [WARN] development - Route: /asd Method: GET No Implemented
[2022-10-13T12:42:44.664] [WARN] development - Route: /asd Method: GET No Implemented
[2022-10-13T12:42:44.675] [WARN] development - Route: /asdasd Method: GET No Implemented
[2022-10-13T12:53:21.590] [WARN] development - Route: /products Method: DELETE No Implemented
[2022-10-13T12:54:13.362] [WARN] development - Route: /asd Method: GET No Implemented
[2022-10-13T12:55:31.769] [WARN] development - Route: /asd Method: GET No Implemented
[2022-10-13T12:55:41.769] [WARN] development - Route: /asd Method: GET No Implemented
[2022-10-13T12:55:41.777] [WARN] development - Route: /asdasda Method: GET No Implemented
[2022-10-13T12:55:48.193] [WARN] development - Route: /asd Method: GET No Implemented
[2022-10-13T12:57:12.165] [WARN] development - Route: /asd Method: GET No Implemented
[2022-10-13T12:57:13.234] [WARN] development - Route: /asd Method: GET No Implemented
[2022-10-13T12:57:14.935] [WARN] development - Route: /asd Method: GET No Implemented
[2022-10-13T12:57:45.064] [WARN] development - Route: /asd Method: GET No Implemented
[2022-10-13T12:57:45.827] [WARN] development - Route: /asd Method: GET No Implemented
[2022-10-13T12:58:19.308] [WARN] development - Route: /asd Method: GET No Implemented
[2022-10-13T12:58:24.841] [WARN] development - Route: /asd Method: GET No Implemented
[2022-10-13T12:58:24.852] [WARN] development - Route: /qwe Method: GET No Implemented
[2022-10-13T12:59:24.996] [WARN] development - Route: /asd Method: GET No Implemented
[2022-10-13T12:59:35.424] [WARN] development - Route: /un%20thumbnail Method: GET No Implemented
[2022-10-13T13:00:54.720] [WARN] development - Route: /asd Method: GET No Implemented
[2022-10-13T13:01:00.948] [WARN] development - Route: /un%20thumbnail Method: GET No Implemented
[2022-10-13T13:16:58.114] [WARN] development - Route: /asd Method: GET No Implemented
[2022-10-13T13:19:09.189] [WARN] development - Route: /asd Method: GET No Implemented
[2022-10-13T13:20:14.588] [WARN] development - Route: /asd Method: GET No Implemented
[2022-10-13T13:24:03.886] [WARN] development - Route: /ads Method: GET No Implemented
[2022-10-13T13:24:59.988] [WARN] development - Route: /asd Method: GET No Implemented
[2022-10-13T13:25:45.787] [WARN] development - Route: /asd Method: GET No Implemented
[2022-10-13T13:39:35.464] [WARN] development - Route: /loguin Method: GET No Implemented
[2022-10-13T13:39:39.103] [WARN] development - Route: /logoutr Method: GET No Implemented
[2022-10-13T13:49:47.554] [WARN] development - Route: /favicon.ico Method: GET No Implemented
[2022-10-13T13:49:52.241] [WARN] development - Route: /favicon.ico Method: GET No Implemented
[2022-10-13T13:49:53.098] [WARN] development - Route: /favicon.ico Method: GET No Implemented
[2022-10-13T13:50:29.878] [WARN] development - Route: /favicon.ico Method: GET No Implemented
[2022-10-13T13:52:16.971] [WARN] development - Route: /favicon.ico Method: GET No Implemented
[2022-10-13T13:52:46.879] [WARN] development - Route: /favicon.ico Method: GET No Implemented
[2022-10-13T13:54:07.441] [WARN] development - Route: /favicon.ico Method: GET No Implemented
[2022-10-13T13:54:58.630] [WARN] development - Route: /favicon.ico Method: GET No Implemented
[2022-10-13T13:55:09.455] [WARN] development - Route: /favicon.ico Method: GET No Implemented
[2022-10-13T13:55:40.328] [WARN] development - Route: /favicon.ico Method: GET No Implemented
[2022-10-13T13:56:34.725] [WARN] development - Route: /favicon.ico Method: GET No Implemented
[2022-10-13T13:57:45.170] [WARN] development - Route: /favicon.ico Method: GET No Implemented
[2022-10-13T13:58:24.480] [WARN] development - Route: /favicon.ico Method: GET No Implemented
[2022-10-13T13:58:36.530] [WARN] development - Route: /favicon.ico Method: GET No Implemented
[2022-10-13T14:03:23.596] [WARN] development - Route: /favicon.ico Method: GET No Implemented
[2022-10-13T14:05:06.988] [WARN] development - Route: /favicon.ico Method: GET No Implemented
[2022-10-13T14:05:09.842] [ERROR] development - Error: ReferenceError: Cannot access 'message' before initialization
[2022-10-13T14:05:39.450] [WARN] development - Route: /favicon.ico Method: GET No Implemented
[2022-10-13T14:05:41.236] [ERROR] development - Error: ReferenceError: Cannot access 'message' before initialization
[2022-10-13T14:07:40.149] [WARN] development - Route: /favicon.ico Method: GET No Implemented
[2022-10-13T14:10:59.379] [WARN] development - Route: /favicon.ico Method: GET No Implemented
[2022-10-13T14:12:19.525] [WARN] development - Route: /favicon.ico Method: GET No Implemented
[2022-10-13T14:13:23.422] [WARN] development - Route: /favicon.ico Method: GET No Implemented
[2022-10-13T14:14:39.926] [WARN] development - Route: /favicon.ico Method: GET No Implemented
[2022-10-13T14:15:29.698] [WARN] development - Route: /favicon.ico Method: GET No Implemented
[2022-10-13T14:15:44.887] [WARN] development - Route: /favicon.ico Method: GET No Implemented
[2022-10-13T14:16:15.306] [WARN] development - Route: /favicon.ico Method: GET No Implemented
[2022-10-13T14:33:17.995] [ERROR] development - Error: TypeError: sendEmailNewOrder is not a function
[2022-10-13T14:57:23.493] [WARN] development - Route: /carts Method: GET No Implemented
[2022-10-13T14:58:09.037] [ERROR] development - Error: TypeError: sendEmailNewOrder is not a function
[2022-10-13T15:00:44.457] [ERROR] development - Error: TypeError: Cannot read properties of undefined (reading 'createNewOrder')
[2022-10-13T15:01:43.460] [ERROR] development - Error: TypeError: Cannot read properties of undefined (reading 'createNewOrder')
[2022-10-13T15:04:45.628] [ERROR] development - Error: TypeError: Cannot read properties of undefined (reading 'createNewOrder')
[2022-10-13T15:05:44.155] [ERROR] development - Error: TypeError: sendEmailNewOrder is not a function
[2022-10-13T15:06:17.558] [WARN] development - Route: /carts Method: GET No Implemented
[2022-10-13T15:12:47.646] [ERROR] development - Error: TypeError: sendEmailNewOrder is not a function
[2022-10-13T15:31:37.264] [ERROR] development - Error: TypeError: Cannot read properties of undefined (reading 'findUser')
[2022-10-13T15:31:54.449] [ERROR] development - Error: ReferenceError: err is not defined
[2022-10-13T15:33:11.003] [ERROR] development - Error: ReferenceError: err is not defined
[2022-10-13T15:33:38.441] [ERROR] development - Error: ReferenceError: err is not defined
[2022-10-13T15:33:59.832] [ERROR] development - Error: TypeError: Cannot read properties of undefined (reading 'addUser')
[2022-10-13T15:34:09.078] [ERROR] development - Error: TypeError: Cannot read properties of undefined (reading 'findUser')
[2022-10-13T15:34:51.003] [ERROR] development - Error: TypeError: Cannot read properties of undefined (reading 'addUser')
[2022-10-13T15:34:53.463] [ERROR] development - Error: TypeError: Cannot read properties of undefined (reading 'findUser')
[2022-10-13T15:37:50.133] [ERROR] development - Error: TypeError: Cannot read properties of undefined (reading 'getAllUsers')
[2022-10-13T15:39:39.983] [ERROR] development - Error: TypeError: Cannot read properties of undefined (reading 'getAllUsers')
[2022-10-13T15:40:50.134] [ERROR] development - Error: TypeError: Cannot read properties of undefined (reading 'getAllUsers')
[2022-10-13T15:41:31.003] [ERROR] development - Error: TypeError: Cannot read properties of undefined (reading 'getAllUsers')
[2022-10-13T15:42:34.472] [ERROR] development - Error: TypeError: Cannot read properties of undefined (reading 'getAllUsers')
[2022-10-13T15:42:47.688] [ERROR] development - Error: TypeError: Cannot read properties of undefined (reading 'getAllUsers')
[2022-10-13T15:42:50.301] [ERROR] development - Error: TypeError: Cannot read properties of undefined (reading 'getAllUsers')
[2022-10-13T15:43:28.052] [ERROR] development - Error: TypeError: Cannot read properties of undefined (reading 'getAllUsers')
[2022-10-13T15:44:29.130] [ERROR] development - Error: TypeError: Cannot read properties of undefined (reading 'getAllUsers')
[2022-10-13T15:45:05.914] [ERROR] development - Error: TypeError: Cannot read properties of undefined (reading 'getAllUsers')
[2022-10-13T15:45:23.353] [ERROR] development - Error: TypeError: Cannot read properties of undefined (reading 'getAllUsers')
[2022-10-13T15:46:53.666] [ERROR] development - Error: TypeError: Cannot read properties of undefined (reading 'getAllUsers')
[2022-10-13T15:48:23.402] [ERROR] development - Error: TypeError: Cannot read properties of undefined (reading 'getAllUsers')
[2022-10-13T15:50:05.530] [ERROR] development - Error: TypeError: Cannot read properties of undefined (reading 'getAllUsers')
[2022-10-13T15:50:06.645] [ERROR] development - Error: TypeError: Cannot read properties of undefined (reading 'getAllUsers')
[2022-10-13T15:51:00.908] [ERROR] development - Error: TypeError: user.toJSON is not a function
[2022-10-13T15:59:08.670] [ERROR] development - Error: Error: Expected "payload" to be a plain object.
[2022-10-13T16:00:52.187] [ERROR] development - Error: TypeError: Cannot read properties of undefined (reading 'createCart')
[2022-10-13T16:00:53.905] [ERROR] development - Error: TypeError: user.toJSON is not a function
[2022-10-13T16:02:16.637] [ERROR] development - Error: TypeError: Cannot read properties of undefined (reading 'createCart')
[2022-10-13T16:07:39.481] [ERROR] development - Error: TypeError: Cannot read properties of undefined (reading 'createCart')
[2022-10-13T16:08:01.477] [ERROR] development - Error: Error: Expected "payload" to be a plain object.
[2022-10-13T16:08:14.960] [ERROR] development - Error: Error: Expected "payload" to be a plain object.
[2022-10-13T16:10:19.384] [ERROR] development - Error: Error: Expected "payload" to be a plain object.
[2022-10-13T16:11:08.350] [ERROR] development - Error: Error: Expected "payload" to be a plain object.
[2022-10-13T16:18:46.800] [ERROR] development - Error: TypeError: this.array.find is not a function
[2022-10-13T16:19:16.463] [ERROR] development - Error: TypeError: user.toJSON is not a function
[2022-10-13T16:19:39.283] [ERROR] development - Error: TypeError: user.toJSON is not a function
[2022-10-13T16:20:39.577] [ERROR] development - Error: Error: data and hash arguments required
[2022-10-13T16:20:54.261] [ERROR] development - Error: Error: data and hash arguments required
[2022-10-13T16:21:52.169] [ERROR] development - Error: Error: Expected "payload" to be a plain object.
[2022-10-13T16:26:49.183] [ERROR] development - Error: TypeError: Cannot read properties of undefined (reading 'createCart')
[2022-10-13T16:27:02.030] [ERROR] development - Error: TypeError: Cannot read properties of undefined (reading 'getCartById')
[2022-10-13T16:29:03.229] [WARN] development - Route: /ca Method: GET No Implemented
[2022-10-13T16:29:23.435] [ERROR] development - Error: TypeError: Cannot read properties of undefined (reading 'createCart')
[2022-10-13T16:31:28.858] [WARN] development - Route: /cart/6 Method: GET No Implemented
[2022-10-13T16:35:34.398] [WARN] development - Route: /%20log Method: GET No Implemented
[2022-10-15T00:37:32.095] [WARN] development - Route: /asdasdasd Method: GET No Implemented
[2022-10-15T00:37:51.803] [WARN] development - Route: /asdasdasd Method: GET No Implemented
[2022-10-15T00:38:11.408] [WARN] development - Route: /asdasdasd Method: GET No Implemented
[2022-10-15T00:38:22.021] [WARN] development - Route: /asdasdasd Method: GET No Implemented
[2022-10-15T00:38:32.862] [WARN] development - Route: /asdasdasd Method: GET No Implemented
[2022-10-15T00:39:08.926] [WARN] development - Route: /asdasdasd Method: GET No Implemented
[2022-10-15T00:39:14.131] [WARN] development - Route: /asdasdasd Method: GET No Implemented
[2022-10-15T23:36:32.820] [ERROR] development - Error: TypeError: Cannot read properties of undefined (reading 'toJSON')
[2022-10-15T23:50:40.935] [ERROR] development - Error: TypeError: Cannot read properties of undefined (reading 'toJSON')
